#-----------------------------------------------------------
# Vivado v2019.1 (64-bit)
# SW Build 2552052 on Fri May 24 14:49:42 MDT 2019
# IP Build 2548770 on Fri May 24 18:01:18 MDT 2019
# Start of session at: Thu Jun 17 15:48:04 2021
# Process ID: 10856
# Current directory: C:/Users/honey/vivado/project/core2
# Command line: vivado.exe -gui_launcher_event rodinguilauncherevent1516 C:\Users\honey\vivado\project\core2\core2.xpr
# Log file: C:/Users/honey/vivado/project/core2/vivado.log
# Journal file: C:/Users/honey/vivado/project/core2\vivado.jou
#-----------------------------------------------------------
start_gui
open_project C:/Users/honey/vivado/project/core2/core2.xpr
INFO: [Project 1-313] Project file moved from 'C:/work/2016114869/core2' since last save.
Scanning sources...
Finished scanning sources
INFO: [IP_Flow 19-234] Refreshing IP repositories
INFO: [IP_Flow 19-1700] Loaded user IP repository 'c:/Users/honey/vivado/project/ip_repo'.
INFO: [IP_Flow 19-2313] Loaded Vivado IP repository 'C:/Xilinx/Vivado/2019.1/data/ip'.
open_project: Time (s): cpu = 00:00:20 ; elapsed = 00:00:09 . Memory (MB): peak = 788.633 ; gain = 160.090
update_compile_order -fileset sources_1
launch_sdk -workspace C:/Users/honey/vivado/project/core2/core2.sdk -hwspec C:/Users/honey/vivado/project/core2/core2.sdk/system_wrapper.hdf
INFO: [Vivado 12-393] Launching SDK...
INFO: [Vivado 12-417] Running xsdk -workspace C:/Users/honey/vivado/project/core2/core2.sdk -hwspec C:/Users/honey/vivado/project/core2/core2.sdk/system_wrapper.hdf
INFO: [Vivado 12-3157] SDK launch initiated. Please check console for any further messages.
